<?xml version="1.0" encoding="UTF-8"?>
<testsuite name="acceptance.AllTestAcceptanceTest" time="2.137" tests="12" errors="0" skipped="0" failures="0">
  <properties>
    <property name="idea.version" value="2023.3.4"/>
    <property name="java.runtime.name" value="Java(TM) SE Runtime Environment"/>
    <property name="java.vm.version" value="17.0.10+11-LTS-240"/>
    <property name="sun.boot.library.path" value="C:\Program Files\Java\jdk-17\bin"/>
    <property name="maven.multiModuleProjectDirectory" value="C:\web\BusinessManageBack"/>
    <property name="java.vm.vendor" value="Oracle Corporation"/>
    <property name="java.vendor.url" value="https://java.oracle.com/"/>
    <property name="guice.disable.misplaced.annotation.check" value="true"/>
    <property name="path.separator" value=";"/>
    <property name="java.vm.name" value="Java HotSpot(TM) 64-Bit Server VM"/>
    <property name="sun.os.patch.level" value=""/>
    <property name="user.script" value=""/>
    <property name="user.country" value="FR"/>
    <property name="sun.java.launcher" value="SUN_STANDARD"/>
    <property name="java.vm.specification.name" value="Java Virtual Machine Specification"/>
    <property name="user.dir" value="C:\web\BusinessManageBack"/>
    <property name="java.vm.compressedOopsMode" value="Zero based"/>
    <property name="java.runtime.version" value="17.0.10+11-LTS-240"/>
    <property name="os.arch" value="amd64"/>
    <property name="java.io.tmpdir" value="C:\Users\TSCONS~1\AppData\Local\Temp\"/>
    <property name="line.separator" value="&#10;"/>
    <property name="java.vm.specification.vendor" value="Oracle Corporation"/>
    <property name="user.variant" value=""/>
    <property name="os.name" value="Windows 11"/>
    <property name="maven.ext.class.path" value="C:\Program Files\JetBrains\IntelliJ IDEA Community Edition 2023.3.4\plugins\maven\lib\maven-event-listener.jar"/>
    <property name="classworlds.conf" value="C:\Program Files\JetBrains\IntelliJ IDEA Community Edition 2023.3.4\plugins\maven\lib\maven3\bin\m2.conf"/>
    <property name="sun.jnu.encoding" value="Cp1252"/>
    <property name="java.library.path" value="C:\Program Files\Java\jdk-17\bin;C:\Windows\Sun\Java\bin;C:\Windows\system32;C:\Windows;C:\Program Files\Common Files\Oracle\Java\javapath;C:\Windows\system32;C:\Windows;C:\Windows\System32\Wbem;C:\Windows\System32\WindowsPowerShell\v1.0\;C:\Windows\System32\OpenSSH\;C:\Program Files\Intel\WiFi\bin\;C:\Program Files\Common Files\Intel\WirelessCommon\;C:\Program Files\Git\cmd;C:\Program Files\nodejs\;C:\Users\TS CONSULTING\AppData\Local\Microsoft\WindowsApps;C:\Users\TS CONSULTING\AppData\Roaming\npm;."/>
    <property name="jansi.passthrough" value="true"/>
    <property name="maven.conf" value="C:\Program Files\JetBrains\IntelliJ IDEA Community Edition 2023.3.4\plugins\maven\lib\maven3/conf"/>
    <property name="jdk.debug" value="release"/>
    <property name="java.class.version" value="61.0"/>
    <property name="java.specification.name" value="Java Platform API Specification"/>
    <property name="sun.management.compiler" value="HotSpot 64-Bit Tiered Compilers"/>
    <property name="os.version" value="10.0"/>
    <property name="user.home" value="C:\Users\TS CONSULTING"/>
    <property name="user.timezone" value="Europe/Paris"/>
    <property name="file.encoding" value="UTF-8"/>
    <property name="java.specification.version" value="17"/>
    <property name="user.name" value="TS CONSULTING"/>
    <property name="java.class.path" value="C:\Program Files\JetBrains\IntelliJ IDEA Community Edition 2023.3.4\plugins\maven\lib\maven3\boot\plexus-classworlds-2.7.0.jar;C:\Program Files\JetBrains\IntelliJ IDEA Community Edition 2023.3.4\plugins\maven\lib\maven3\boot\plexus-classworlds.license"/>
    <property name="java.vm.specification.version" value="17"/>
    <property name="sun.arch.data.model" value="64"/>
    <property name="sun.java.command" value="org.codehaus.classworlds.Launcher -Didea.version=2023.3.4 install"/>
    <property name="java.home" value="C:\Program Files\Java\jdk-17"/>
    <property name="user.language" value="fr"/>
    <property name="java.specification.vendor" value="Oracle Corporation"/>
    <property name="java.vm.info" value="mixed mode, sharing"/>
    <property name="java.version" value="17.0.10"/>
    <property name="native.encoding" value="Cp1252"/>
    <property name="java.vendor" value="Oracle Corporation"/>
    <property name="maven.home" value="C:\Program Files\JetBrains\IntelliJ IDEA Community Edition 2023.3.4\plugins\maven\lib\maven3"/>
    <property name="file.separator" value="\"/>
    <property name="java.version.date" value="2024-01-16"/>
    <property name="java.vendor.url.bug" value="https://bugreport.java.com/bugreport/"/>
    <property name="sun.io.unicode.encoding" value="UnicodeLittle"/>
    <property name="sun.cpu.endian" value="little"/>
    <property name="sun.cpu.isalist" value="amd64"/>
  </properties>
  <testcase name="déclarer un achats dans le système en tant que gestionnaire authentifié avec un seul produit enregistrer" classname="gestion des achats" time="1.87"/>
  <testcase name="déclarer un achats dans le système en tant que gestionnaire authentifié avec plusieurs produit" classname="gestion des achats" time="0.033"/>
  <testcase name="lorsque j&apos;effectue un achat, la date doit etre obligatoire et inférieure ou égale à la date du jour. #1" classname="gestion des achats" time="0.02"/>
  <testcase name="lorsque j&apos;effectue un achat, la date doit etre obligatoire et inférieure ou égale à la date du jour. #2" classname="gestion des achats" time="0.015"/>
  <testcase name="lorsque j&apos;effectue un achat, le mode de paiement doit etre obligatoire." classname="gestion des achats" time="0.02"/>
  <testcase name="lorsque j&apos;effectue un achat, le produit doit etre obligatoire" classname="gestion des achats" time="0.019"/>
  <testcase name="lorsque je declare un achat, le detail d&apos;un produit doit etre obligatoire à renseigner #1" classname="gestion des achats" time="0.016"/>
  <testcase name="lorsque je declare un achat, le detail d&apos;un produit doit etre obligatoire à renseigner #2" classname="gestion des achats" time="0.025"/>
  <testcase name="lorsque je declare un achat, le detail d&apos;un produit doit etre obligatoire à renseigner #3" classname="gestion des achats" time="0.028"/>
  <testcase name="lorsque je declare un achat, le detail d&apos;un produit doit etre obligatoire à renseigner #4" classname="gestion des achats" time="0.028"/>
  <testcase name="lorsque je declare un achat, le detail d&apos;un produit doit etre obligatoire à renseigner #5" classname="gestion des achats" time="0.033"/>
  <testcase name="lorsque j&apos;enregitre un achat avec un role spécifié." classname="gestion des achats" time="0.03"/>
</testsuite>